<?xml version="1.0" encoding="UTF-8"?>
<!-- Generated by org.testng.reporters.JUnitReportReporter -->
<testsuite hostname="LAPTOP-AM8G0EIO" failures="0" tests="1" name="uploadDownloadFile.CucumberTestNGTestRunner" time="14.955" errors="0" timestamp="2023-03-24T22:55:38 CET" skipped="0">
  <testcase classname="uploadDownloadFile.CucumberTestNGTestRunner" name="runScenario" time="14.955"/>
  <system-out/>
</testsuite> <!-- uploadDownloadFile.CucumberTestNGTestRunner -->
