<?xml version="1.0" encoding="UTF-8"?>
<!-- Generated by org.testng.reporters.JUnitReportReporter -->
<testsuite hostname="LAPTOP-AM8G0EIO" failures="0" tests="1" name="testSuite01.CucumberTestNGTestrunner" time="8.331" errors="0" timestamp="2023-04-17T22:02:22 CEST" skipped="0">
  <testcase classname="testSuite01.CucumberTestNGTestrunner" name="runScenario" time="8.331"/>
  <system-out/>
</testsuite> <!-- testSuite01.CucumberTestNGTestrunner -->
